{"/Users/bkeown/Desktop/di/lib/aws/imageAdapter.js":{"path":"/Users/bkeown/Desktop/di/lib/aws/imageAdapter.js","s":{"1":1,"2":1,"3":1,"4":3,"5":3,"6":1,"7":2,"8":1},"b":{"1":[2,1]},"f":{},"fnMap":{},"statementMap":{"1":{"start":{"line":1,"column":0},"end":{"line":1,"column":43}},"2":{"start":{"line":2,"column":0},"end":{"line":2,"column":40}},"3":{"start":{"line":7,"column":0},"end":{"line":16,"column":9}},"4":{"start":{"line":7,"column":26},"end":{"line":16,"column":8}},"5":{"start":{"line":7,"column":32},"end":{"line":16,"column":8}},"6":{"start":{"line":8,"column":18},"end":{"line":11,"column":7}},"7":{"start":{"line":13,"column":36},"end":{"line":16,"column":5}},"8":{"start":{"line":15,"column":25},"end":{"line":15,"column":41}}},"branchMap":{"1":{"line":15,"type":"binary-expr","locations":[{"start":{"line":15,"column":15},"end":{"line":15,"column":48}},{"start":{"line":15,"column":52},"end":{"line":15,"column":63}}]}}},"/Users/bkeown/Desktop/di/lib/aws/instanceAdapter.js":{"path":"/Users/bkeown/Desktop/di/lib/aws/instanceAdapter.js","s":{"1":1,"2":1,"3":1,"4":3,"5":3,"6":1,"7":2,"8":1},"b":{"1":[2,1]},"f":{},"fnMap":{},"statementMap":{"1":{"start":{"line":1,"column":0},"end":{"line":1,"column":50}},"2":{"start":{"line":2,"column":0},"end":{"line":2,"column":40}},"3":{"start":{"line":6,"column":0},"end":{"line":16,"column":9}},"4":{"start":{"line":6,"column":37},"end":{"line":16,"column":8}},"5":{"start":{"line":6,"column":43},"end":{"line":16,"column":8}},"6":{"start":{"line":7,"column":18},"end":{"line":10,"column":7}},"7":{"start":{"line":13,"column":39},"end":{"line":16,"column":5}},"8":{"start":{"line":15,"column":25},"end":{"line":15,"column":41}}},"branchMap":{"1":{"line":15,"type":"binary-expr","locations":[{"start":{"line":15,"column":15},"end":{"line":15,"column":48}},{"start":{"line":15,"column":52},"end":{"line":15,"column":63}}]}}},"/Users/bkeown/Desktop/di/lib/components/acknowledgingTableListHandler.js":{"path":"/Users/bkeown/Desktop/di/lib/components/acknowledgingTableListHandler.js","s":{"1":0,"2":0,"3":0,"4":0,"5":0,"6":0,"7":0,"8":0},"b":{},"f":{},"fnMap":{},"statementMap":{"1":{"start":{"line":1,"column":0},"end":{"line":1,"column":33}},"2":{"start":{"line":2,"column":0},"end":{"line":2,"column":52}},"3":{"start":{"line":3,"column":0},"end":{"line":3,"column":54}},"4":{"start":{"line":5,"column":0},"end":{"line":8,"column":3}},"5":{"start":{"line":6,"column":4},"end":{"line":6,"column":21}},"6":{"start":{"line":7,"column":4},"end":{"line":7,"column":28}},"7":{"start":{"line":10,"column":0},"end":{"line":17,"column":2}},"8":{"start":{"line":11,"column":4},"end":{"line":16,"column":5}}},"branchMap":{}},"/Users/bkeown/Desktop/di/lib/formatters/table.js":{"path":"/Users/bkeown/Desktop/di/lib/formatters/table.js","s":{"1":0,"2":0,"3":0,"4":0,"5":0,"6":0},"b":{},"f":{},"fnMap":{},"statementMap":{"1":{"start":{"line":1,"column":0},"end":{"line":1,"column":42}},"2":{"start":{"line":2,"column":0},"end":{"line":2,"column":58}},"3":{"start":{"line":6,"column":0},"end":{"line":10,"column":3}},"4":{"start":{"line":7,"column":4},"end":{"line":7,"column":40}},"5":{"start":{"line":8,"column":4},"end":{"line":8,"column":38}},"6":{"start":{"line":9,"column":4},"end":{"line":9,"column":54}}},"branchMap":{}},"/Users/bkeown/Desktop/di/lib/handlers/pairList.js":{"path":"/Users/bkeown/Desktop/di/lib/handlers/pairList.js","s":{"1":0,"2":0,"3":0,"4":0,"5":0,"6":0},"b":{},"f":{},"fnMap":{},"statementMap":{"1":{"start":{"line":1,"column":0},"end":{"line":1,"column":39}},"2":{"start":{"line":2,"column":0},"end":{"line":2,"column":58}},"3":{"start":{"line":2,"column":31},"end":{"line":2,"column":57}},"4":{"start":{"line":9,"column":0},"end":{"line":12,"column":47}},"5":{"start":{"line":9,"column":62},"end":{"line":12,"column":45}},"6":{"start":{"line":12,"column":22},"end":{"line":12,"column":44}}},"branchMap":{}},"/Users/bkeown/Desktop/di/lib/hubot/responderDecorator.js":{"path":"/Users/bkeown/Desktop/di/lib/hubot/responderDecorator.js","s":{"1":0,"2":0,"3":0,"4":0,"5":0,"6":0,"7":0,"8":0},"b":{},"f":{},"fnMap":{},"statementMap":{"1":{"start":{"line":1,"column":0},"end":{"line":1,"column":33}},"2":{"start":{"line":2,"column":0},"end":{"line":2,"column":78}},"3":{"start":{"line":2,"column":49},"end":{"line":2,"column":76}},"4":{"start":{"line":4,"column":0},"end":{"line":7,"column":2}},"5":{"start":{"line":4,"column":25},"end":{"line":7,"column":1}},"6":{"start":{"line":5,"column":4},"end":{"line":5,"column":104}},"7":{"start":{"line":5,"column":56},"end":{"line":5,"column":102}},"8":{"start":{"line":6,"column":4},"end":{"line":6,"column":25}}},"branchMap":{}},"/Users/bkeown/Desktop/di/lib/pairing.js":{"path":"/Users/bkeown/Desktop/di/lib/pairing.js","s":{},"b":{},"f":{},"fnMap":{},"statementMap":{},"branchMap":{}}}