TN:
SF:/Users/bkeown/Desktop/di/lib/aws/imageAdapter.js
FNF:0
FNH:0
DA:1,1
DA:2,1
DA:7,3
DA:8,1
DA:13,2
DA:15,1
LF:6
LH:6
BRDA:15,1,0,2
BRDA:15,1,1,1
BRF:2
BRH:2
end_of_record
TN:
SF:/Users/bkeown/Desktop/di/lib/aws/instanceAdapter.js
FNF:0
FNH:0
DA:1,1
DA:2,1
DA:6,3
DA:7,1
DA:13,2
DA:15,1
LF:6
LH:6
BRDA:15,1,0,2
BRDA:15,1,1,1
BRF:2
BRH:2
end_of_record
TN:
SF:/Users/bkeown/Desktop/di/lib/components/acknowledgingTableListHandler.js
FNF:0
FNH:0
DA:1,0
DA:2,0
DA:3,0
DA:5,0
DA:6,0
DA:7,0
DA:10,0
DA:11,0
LF:8
LH:0
BRF:0
BRH:0
end_of_record
TN:
SF:/Users/bkeown/Desktop/di/lib/formatters/table.js
FNF:0
FNH:0
DA:1,0
DA:2,0
DA:6,0
DA:7,0
DA:8,0
DA:9,0
LF:6
LH:0
BRF:0
BRH:0
end_of_record
TN:
SF:/Users/bkeown/Desktop/di/lib/handlers/pairList.js
FNF:0
FNH:0
DA:1,0
DA:2,0
DA:9,0
DA:12,0
LF:4
LH:0
BRF:0
BRH:0
end_of_record
TN:
SF:/Users/bkeown/Desktop/di/lib/hubot/responderDecorator.js
FNF:0
FNH:0
DA:1,0
DA:2,0
DA:4,0
DA:5,0
DA:6,0
LF:5
LH:0
BRF:0
BRH:0
end_of_record
TN:
SF:/Users/bkeown/Desktop/di/lib/pairing.js
FNF:0
FNH:0
LF:0
LH:0
BRF:0
BRH:0
end_of_record
